{"date":"Thu Mar 20 2025 08:57:47 GMT+0600 (Bangladesh Standard Time)","error":{},"exception":true,"level":"error","message":"uncaughtException: Route.patch() requires a callback function but got a [object Undefined]\nError: Route.patch() requires a callback function but got a [object Undefined]\n    at Route.<computed> [as patch] (C:\\Abir-007\\Office_Projects\\AiFinanceHub\\node_modules\\express\\lib\\router\\route.js:216:15)\n    at Function.proto.<computed> [as patch] (C:\\Abir-007\\Office_Projects\\AiFinanceHub\\node_modules\\express\\lib\\router\\index.js:521:19)\n    at Object.<anonymous> (C:\\Abir-007\\Office_Projects\\AiFinanceHub\\src\\app\\modules\\users\\user\\user.route.ts:17:8)\n    at Module.<anonymous> (node:internal/modules/cjs/loader:1554:14)\n    at Module._compile (C:\\Abir-007\\Office_Projects\\AiFinanceHub\\node_modules\\source-map-support\\source-map-support.js:568:25)\n    at Module.m._compile (C:\\Users\\Abir-007\\AppData\\Local\\Temp\\ts-node-dev-hook-4056383525226608.js:69:33)\n    at node:internal/modules/cjs/loader:1706:10\n    at require.extensions..jsx.require.extensions..js (C:\\Users\\Abir-007\\AppData\\Local\\Temp\\ts-node-dev-hook-4056383525226608.js:114:20)\n    at require.extensions.<computed> (C:\\Users\\Abir-007\\AppData\\Local\\Temp\\ts-node-dev-hook-4056383525226608.js:71:20)\n    at Object.nodeDevHook [as .ts] (C:\\Abir-007\\Office_Projects\\AiFinanceHub\\node_modules\\ts-node-dev\\lib\\hook.js:63:13)","os":{"loadavg":[0,0,0],"uptime":75179.015},"process":{"argv":["C:\\Program Files\\nodejs\\node.exe","./src/server.ts"],"cwd":"C:\\Abir-007\\Office_Projects\\AiFinanceHub","execPath":"C:\\Program Files\\nodejs\\node.exe","gid":null,"memoryUsage":{"arrayBuffers":18387312,"external":20746352,"heapTotal":40796160,"heapUsed":28418576,"rss":89255936},"pid":7624,"uid":null,"version":"v22.14.0"},"service":"your-service-name","stack":"Error: Route.patch() requires a callback function but got a [object Undefined]\n    at Route.<computed> [as patch] (C:\\Abir-007\\Office_Projects\\AiFinanceHub\\node_modules\\express\\lib\\router\\route.js:216:15)\n    at Function.proto.<computed> [as patch] (C:\\Abir-007\\Office_Projects\\AiFinanceHub\\node_modules\\express\\lib\\router\\index.js:521:19)\n    at Object.<anonymous> (C:\\Abir-007\\Office_Projects\\AiFinanceHub\\src\\app\\modules\\users\\user\\user.route.ts:17:8)\n    at Module.<anonymous> (node:internal/modules/cjs/loader:1554:14)\n    at Module._compile (C:\\Abir-007\\Office_Projects\\AiFinanceHub\\node_modules\\source-map-support\\source-map-support.js:568:25)\n    at Module.m._compile (C:\\Users\\Abir-007\\AppData\\Local\\Temp\\ts-node-dev-hook-4056383525226608.js:69:33)\n    at node:internal/modules/cjs/loader:1706:10\n    at require.extensions..jsx.require.extensions..js (C:\\Users\\Abir-007\\AppData\\Local\\Temp\\ts-node-dev-hook-4056383525226608.js:114:20)\n    at require.extensions.<computed> (C:\\Users\\Abir-007\\AppData\\Local\\Temp\\ts-node-dev-hook-4056383525226608.js:71:20)\n    at Object.nodeDevHook [as .ts] (C:\\Abir-007\\Office_Projects\\AiFinanceHub\\node_modules\\ts-node-dev\\lib\\hook.js:63:13)","timestamp":"2025-03-20 08:57:47","trace":[{"column":15,"file":"C:\\Abir-007\\Office_Projects\\AiFinanceHub\\node_modules\\express\\lib\\router\\route.js","function":"Route.<computed> [as patch]","line":216,"method":"<computed> [as patch]","native":false},{"column":19,"file":"C:\\Abir-007\\Office_Projects\\AiFinanceHub\\node_modules\\express\\lib\\router\\index.js","function":"Function.proto.<computed> [as patch]","line":521,"method":"<computed> [as patch]","native":false},{"column":8,"file":"C:\\Abir-007\\Office_Projects\\AiFinanceHub\\src\\app\\modules\\users\\user\\user.route.ts","function":null,"line":17,"method":null,"native":false},{"column":14,"file":"node:internal/modules/cjs/loader","function":null,"line":1554,"method":null,"native":false},{"column":25,"file":"C:\\Abir-007\\Office_Projects\\AiFinanceHub\\node_modules\\source-map-support\\source-map-support.js","function":"Module._compile","line":568,"method":"_compile","native":false},{"column":33,"file":"C:\\Users\\Abir-007\\AppData\\Local\\Temp\\ts-node-dev-hook-4056383525226608.js","function":"Module.m._compile","line":69,"method":"_compile","native":false},{"column":10,"file":"node:internal/modules/cjs/loader","function":null,"line":1706,"method":null,"native":false},{"column":20,"file":"C:\\Users\\Abir-007\\AppData\\Local\\Temp\\ts-node-dev-hook-4056383525226608.js","function":"require.extensions..jsx.require.extensions..js","line":114,"method":".js","native":false},{"column":20,"file":"C:\\Users\\Abir-007\\AppData\\Local\\Temp\\ts-node-dev-hook-4056383525226608.js","function":"require.extensions.<computed>","line":71,"method":"<computed>","native":false},{"column":13,"file":"C:\\Abir-007\\Office_Projects\\AiFinanceHub\\node_modules\\ts-node-dev\\lib\\hook.js","function":"Object.nodeDevHook [as .ts]","line":63,"method":"ts]","native":false}]}
{"date":"Thu Mar 20 2025 12:07:10 GMT+0600 (Bangladesh Standard Time)","error":{},"exception":true,"level":"error","message":"uncaughtException: ⨯ Unable to compile TypeScript:\nsrc/app/modules/users/userExpensePlan/userExpensePlan.service.ts(35,41): error TS1005: ',' expected.\r\nsrc/app/modules/users/userExpensePlan/userExpensePlan.service.ts(35,42): error TS1138: Parameter declaration expected.\r\nsrc/app/modules/users/userExpensePlan/userExpensePlan.service.ts(37,1): error TS1128: Declaration or statement expected.\r\nsrc/app/modules/users/userExpensePlan/userExpensePlan.service.ts(37,2): error TS1128: Declaration or statement expected.\r\nsrc/app/modules/users/userExpensePlan/userExpensePlan.service.ts(37,56): error TS1005: ';' expected.\r\n\nError: ⨯ Unable to compile TypeScript:\nsrc/app/modules/users/userExpensePlan/userExpensePlan.service.ts(35,41): error TS1005: ',' expected.\r\nsrc/app/modules/users/userExpensePlan/userExpensePlan.service.ts(35,42): error TS1138: Parameter declaration expected.\r\nsrc/app/modules/users/userExpensePlan/userExpensePlan.service.ts(37,1): error TS1128: Declaration or statement expected.\r\nsrc/app/modules/users/userExpensePlan/userExpensePlan.service.ts(37,2): error TS1128: Declaration or statement expected.\r\nsrc/app/modules/users/userExpensePlan/userExpensePlan.service.ts(37,56): error TS1005: ';' expected.\r\n\n    at Object.<anonymous> (C:\\Abir-007\\Office_Projects\\AiFinanceHub\\src\\app\\modules\\users\\userExpensePlan\\userExpensePlan.service.ts:1:7)\n    at Module.<anonymous> (node:internal/modules/cjs/loader:1554:14)\n    at Module._compile (C:\\Abir-007\\Office_Projects\\AiFinanceHub\\node_modules\\source-map-support\\source-map-support.js:568:25)\n    at Module.m._compile (C:\\Users\\Abir-007\\AppData\\Local\\Temp\\ts-node-dev-hook-10526808315408132.js:69:33)\n    at node:internal/modules/cjs/loader:1706:10\n    at require.extensions..jsx.require.extensions..js (C:\\Users\\Abir-007\\AppData\\Local\\Temp\\ts-node-dev-hook-10526808315408132.js:114:20)\n    at require.extensions.<computed> (C:\\Users\\Abir-007\\AppData\\Local\\Temp\\ts-node-dev-hook-10526808315408132.js:71:20)\n    at Object.nodeDevHook [as .ts] (C:\\Abir-007\\Office_Projects\\AiFinanceHub\\node_modules\\ts-node-dev\\lib\\hook.js:63:13)\n    at Module.load (node:internal/modules/cjs/loader:1289:32)\n    at Function._load (node:internal/modules/cjs/loader:1108:12)","os":{"loadavg":[0,0,0],"uptime":86541.75},"process":{"argv":["C:\\Program Files\\nodejs\\node.exe","./src/server.ts"],"cwd":"C:\\Abir-007\\Office_Projects\\AiFinanceHub","execPath":"C:\\Program Files\\nodejs\\node.exe","gid":null,"memoryUsage":{"arrayBuffers":18391512,"external":20746352,"heapTotal":40796160,"heapUsed":29148992,"rss":89468928},"pid":21268,"uid":null,"version":"v22.14.0"},"service":"your-service-name","stack":"Error: ⨯ Unable to compile TypeScript:\nsrc/app/modules/users/userExpensePlan/userExpensePlan.service.ts(35,41): error TS1005: ',' expected.\r\nsrc/app/modules/users/userExpensePlan/userExpensePlan.service.ts(35,42): error TS1138: Parameter declaration expected.\r\nsrc/app/modules/users/userExpensePlan/userExpensePlan.service.ts(37,1): error TS1128: Declaration or statement expected.\r\nsrc/app/modules/users/userExpensePlan/userExpensePlan.service.ts(37,2): error TS1128: Declaration or statement expected.\r\nsrc/app/modules/users/userExpensePlan/userExpensePlan.service.ts(37,56): error TS1005: ';' expected.\r\n\n    at Object.<anonymous> (C:\\Abir-007\\Office_Projects\\AiFinanceHub\\src\\app\\modules\\users\\userExpensePlan\\userExpensePlan.service.ts:1:7)\n    at Module.<anonymous> (node:internal/modules/cjs/loader:1554:14)\n    at Module._compile (C:\\Abir-007\\Office_Projects\\AiFinanceHub\\node_modules\\source-map-support\\source-map-support.js:568:25)\n    at Module.m._compile (C:\\Users\\Abir-007\\AppData\\Local\\Temp\\ts-node-dev-hook-10526808315408132.js:69:33)\n    at node:internal/modules/cjs/loader:1706:10\n    at require.extensions..jsx.require.extensions..js (C:\\Users\\Abir-007\\AppData\\Local\\Temp\\ts-node-dev-hook-10526808315408132.js:114:20)\n    at require.extensions.<computed> (C:\\Users\\Abir-007\\AppData\\Local\\Temp\\ts-node-dev-hook-10526808315408132.js:71:20)\n    at Object.nodeDevHook [as .ts] (C:\\Abir-007\\Office_Projects\\AiFinanceHub\\node_modules\\ts-node-dev\\lib\\hook.js:63:13)\n    at Module.load (node:internal/modules/cjs/loader:1289:32)\n    at Function._load (node:internal/modules/cjs/loader:1108:12)","timestamp":"2025-03-20 12:07:10","trace":[{"column":7,"file":"C:\\Abir-007\\Office_Projects\\AiFinanceHub\\src\\app\\modules\\users\\userExpensePlan\\userExpensePlan.service.ts","function":null,"line":1,"method":null,"native":false},{"column":14,"file":"node:internal/modules/cjs/loader","function":null,"line":1554,"method":null,"native":false},{"column":25,"file":"C:\\Abir-007\\Office_Projects\\AiFinanceHub\\node_modules\\source-map-support\\source-map-support.js","function":"Module._compile","line":568,"method":"_compile","native":false},{"column":33,"file":"C:\\Users\\Abir-007\\AppData\\Local\\Temp\\ts-node-dev-hook-10526808315408132.js","function":"Module.m._compile","line":69,"method":"_compile","native":false},{"column":10,"file":"node:internal/modules/cjs/loader","function":null,"line":1706,"method":null,"native":false},{"column":20,"file":"C:\\Users\\Abir-007\\AppData\\Local\\Temp\\ts-node-dev-hook-10526808315408132.js","function":"require.extensions..jsx.require.extensions..js","line":114,"method":".js","native":false},{"column":20,"file":"C:\\Users\\Abir-007\\AppData\\Local\\Temp\\ts-node-dev-hook-10526808315408132.js","function":"require.extensions.<computed>","line":71,"method":"<computed>","native":false},{"column":13,"file":"C:\\Abir-007\\Office_Projects\\AiFinanceHub\\node_modules\\ts-node-dev\\lib\\hook.js","function":"Object.nodeDevHook [as .ts]","line":63,"method":"ts]","native":false},{"column":32,"file":"node:internal/modules/cjs/loader","function":"Module.load","line":1289,"method":"load","native":false},{"column":12,"file":"node:internal/modules/cjs/loader","function":"Function._load","line":1108,"method":"_load","native":false}]}
{"date":"Thu Mar 20 2025 12:14:46 GMT+0600 (Bangladesh Standard Time)","error":{},"exception":true,"level":"error","message":"uncaughtException: ⨯ Unable to compile TypeScript:\nsrc/app/modules/users/userExpensePlan/userExpensePlan.service.ts(68,1): error TS1128: Declaration or statement expected.\r\n\nError: ⨯ Unable to compile TypeScript:\nsrc/app/modules/users/userExpensePlan/userExpensePlan.service.ts(68,1): error TS1128: Declaration or statement expected.\r\n\n    at Object.<anonymous> (C:\\Abir-007\\Office_Projects\\AiFinanceHub\\src\\app\\modules\\users\\userExpensePlan\\userExpensePlan.service.ts:1:7)\n    at Module.<anonymous> (node:internal/modules/cjs/loader:1554:14)\n    at Module._compile (C:\\Abir-007\\Office_Projects\\AiFinanceHub\\node_modules\\source-map-support\\source-map-support.js:568:25)\n    at Module.m._compile (C:\\Users\\Abir-007\\AppData\\Local\\Temp\\ts-node-dev-hook-10526808315408132.js:69:33)\n    at node:internal/modules/cjs/loader:1706:10\n    at require.extensions..jsx.require.extensions..js (C:\\Users\\Abir-007\\AppData\\Local\\Temp\\ts-node-dev-hook-10526808315408132.js:114:20)\n    at require.extensions.<computed> (C:\\Users\\Abir-007\\AppData\\Local\\Temp\\ts-node-dev-hook-10526808315408132.js:71:20)\n    at Object.nodeDevHook [as .ts] (C:\\Abir-007\\Office_Projects\\AiFinanceHub\\node_modules\\ts-node-dev\\lib\\hook.js:63:13)\n    at Module.load (node:internal/modules/cjs/loader:1289:32)\n    at Function._load (node:internal/modules/cjs/loader:1108:12)","os":{"loadavg":[0,0,0],"uptime":86997.281},"process":{"argv":["C:\\Program Files\\nodejs\\node.exe","./src/server.ts"],"cwd":"C:\\Abir-007\\Office_Projects\\AiFinanceHub","execPath":"C:\\Program Files\\nodejs\\node.exe","gid":null,"memoryUsage":{"arrayBuffers":18391058,"external":20746352,"heapTotal":40796160,"heapUsed":29026832,"rss":89190400},"pid":18260,"uid":null,"version":"v22.14.0"},"service":"your-service-name","stack":"Error: ⨯ Unable to compile TypeScript:\nsrc/app/modules/users/userExpensePlan/userExpensePlan.service.ts(68,1): error TS1128: Declaration or statement expected.\r\n\n    at Object.<anonymous> (C:\\Abir-007\\Office_Projects\\AiFinanceHub\\src\\app\\modules\\users\\userExpensePlan\\userExpensePlan.service.ts:1:7)\n    at Module.<anonymous> (node:internal/modules/cjs/loader:1554:14)\n    at Module._compile (C:\\Abir-007\\Office_Projects\\AiFinanceHub\\node_modules\\source-map-support\\source-map-support.js:568:25)\n    at Module.m._compile (C:\\Users\\Abir-007\\AppData\\Local\\Temp\\ts-node-dev-hook-10526808315408132.js:69:33)\n    at node:internal/modules/cjs/loader:1706:10\n    at require.extensions..jsx.require.extensions..js (C:\\Users\\Abir-007\\AppData\\Local\\Temp\\ts-node-dev-hook-10526808315408132.js:114:20)\n    at require.extensions.<computed> (C:\\Users\\Abir-007\\AppData\\Local\\Temp\\ts-node-dev-hook-10526808315408132.js:71:20)\n    at Object.nodeDevHook [as .ts] (C:\\Abir-007\\Office_Projects\\AiFinanceHub\\node_modules\\ts-node-dev\\lib\\hook.js:63:13)\n    at Module.load (node:internal/modules/cjs/loader:1289:32)\n    at Function._load (node:internal/modules/cjs/loader:1108:12)","timestamp":"2025-03-20 12:14:46","trace":[{"column":7,"file":"C:\\Abir-007\\Office_Projects\\AiFinanceHub\\src\\app\\modules\\users\\userExpensePlan\\userExpensePlan.service.ts","function":null,"line":1,"method":null,"native":false},{"column":14,"file":"node:internal/modules/cjs/loader","function":null,"line":1554,"method":null,"native":false},{"column":25,"file":"C:\\Abir-007\\Office_Projects\\AiFinanceHub\\node_modules\\source-map-support\\source-map-support.js","function":"Module._compile","line":568,"method":"_compile","native":false},{"column":33,"file":"C:\\Users\\Abir-007\\AppData\\Local\\Temp\\ts-node-dev-hook-10526808315408132.js","function":"Module.m._compile","line":69,"method":"_compile","native":false},{"column":10,"file":"node:internal/modules/cjs/loader","function":null,"line":1706,"method":null,"native":false},{"column":20,"file":"C:\\Users\\Abir-007\\AppData\\Local\\Temp\\ts-node-dev-hook-10526808315408132.js","function":"require.extensions..jsx.require.extensions..js","line":114,"method":".js","native":false},{"column":20,"file":"C:\\Users\\Abir-007\\AppData\\Local\\Temp\\ts-node-dev-hook-10526808315408132.js","function":"require.extensions.<computed>","line":71,"method":"<computed>","native":false},{"column":13,"file":"C:\\Abir-007\\Office_Projects\\AiFinanceHub\\node_modules\\ts-node-dev\\lib\\hook.js","function":"Object.nodeDevHook [as .ts]","line":63,"method":"ts]","native":false},{"column":32,"file":"node:internal/modules/cjs/loader","function":"Module.load","line":1289,"method":"load","native":false},{"column":12,"file":"node:internal/modules/cjs/loader","function":"Function._load","line":1108,"method":"_load","native":false}]}
{"date":"Thu Mar 20 2025 12:25:45 GMT+0600 (Bangladesh Standard Time)","error":{},"exception":true,"level":"error","message":"uncaughtException: ⨯ Unable to compile TypeScript:\nsrc/app/modules/users/userExpensePlan/userExpensePlan.service.ts(61,5): error TS1109: Expression expected.\r\n\nError: ⨯ Unable to compile TypeScript:\nsrc/app/modules/users/userExpensePlan/userExpensePlan.service.ts(61,5): error TS1109: Expression expected.\r\n\n    at Object.<anonymous> (C:\\Abir-007\\Office_Projects\\AiFinanceHub\\src\\app\\modules\\users\\userExpensePlan\\userExpensePlan.service.ts:1:7)\n    at Module.<anonymous> (node:internal/modules/cjs/loader:1554:14)\n    at Module._compile (C:\\Abir-007\\Office_Projects\\AiFinanceHub\\node_modules\\source-map-support\\source-map-support.js:568:25)\n    at Module.m._compile (C:\\Users\\Abir-007\\AppData\\Local\\Temp\\ts-node-dev-hook-10526808315408132.js:69:33)\n    at node:internal/modules/cjs/loader:1706:10\n    at require.extensions..jsx.require.extensions..js (C:\\Users\\Abir-007\\AppData\\Local\\Temp\\ts-node-dev-hook-10526808315408132.js:114:20)\n    at require.extensions.<computed> (C:\\Users\\Abir-007\\AppData\\Local\\Temp\\ts-node-dev-hook-10526808315408132.js:71:20)\n    at Object.nodeDevHook [as .ts] (C:\\Abir-007\\Office_Projects\\AiFinanceHub\\node_modules\\ts-node-dev\\lib\\hook.js:63:13)\n    at Module.load (node:internal/modules/cjs/loader:1289:32)\n    at Function._load (node:internal/modules/cjs/loader:1108:12)","os":{"loadavg":[0,0,0],"uptime":87656.375},"process":{"argv":["C:\\Program Files\\nodejs\\node.exe","./src/server.ts"],"cwd":"C:\\Abir-007\\Office_Projects\\AiFinanceHub","execPath":"C:\\Program Files\\nodejs\\node.exe","gid":null,"memoryUsage":{"arrayBuffers":18391044,"external":20746352,"heapTotal":41058304,"heapUsed":29222352,"rss":89149440},"pid":10940,"uid":null,"version":"v22.14.0"},"service":"your-service-name","stack":"Error: ⨯ Unable to compile TypeScript:\nsrc/app/modules/users/userExpensePlan/userExpensePlan.service.ts(61,5): error TS1109: Expression expected.\r\n\n    at Object.<anonymous> (C:\\Abir-007\\Office_Projects\\AiFinanceHub\\src\\app\\modules\\users\\userExpensePlan\\userExpensePlan.service.ts:1:7)\n    at Module.<anonymous> (node:internal/modules/cjs/loader:1554:14)\n    at Module._compile (C:\\Abir-007\\Office_Projects\\AiFinanceHub\\node_modules\\source-map-support\\source-map-support.js:568:25)\n    at Module.m._compile (C:\\Users\\Abir-007\\AppData\\Local\\Temp\\ts-node-dev-hook-10526808315408132.js:69:33)\n    at node:internal/modules/cjs/loader:1706:10\n    at require.extensions..jsx.require.extensions..js (C:\\Users\\Abir-007\\AppData\\Local\\Temp\\ts-node-dev-hook-10526808315408132.js:114:20)\n    at require.extensions.<computed> (C:\\Users\\Abir-007\\AppData\\Local\\Temp\\ts-node-dev-hook-10526808315408132.js:71:20)\n    at Object.nodeDevHook [as .ts] (C:\\Abir-007\\Office_Projects\\AiFinanceHub\\node_modules\\ts-node-dev\\lib\\hook.js:63:13)\n    at Module.load (node:internal/modules/cjs/loader:1289:32)\n    at Function._load (node:internal/modules/cjs/loader:1108:12)","timestamp":"2025-03-20 12:25:45","trace":[{"column":7,"file":"C:\\Abir-007\\Office_Projects\\AiFinanceHub\\src\\app\\modules\\users\\userExpensePlan\\userExpensePlan.service.ts","function":null,"line":1,"method":null,"native":false},{"column":14,"file":"node:internal/modules/cjs/loader","function":null,"line":1554,"method":null,"native":false},{"column":25,"file":"C:\\Abir-007\\Office_Projects\\AiFinanceHub\\node_modules\\source-map-support\\source-map-support.js","function":"Module._compile","line":568,"method":"_compile","native":false},{"column":33,"file":"C:\\Users\\Abir-007\\AppData\\Local\\Temp\\ts-node-dev-hook-10526808315408132.js","function":"Module.m._compile","line":69,"method":"_compile","native":false},{"column":10,"file":"node:internal/modules/cjs/loader","function":null,"line":1706,"method":null,"native":false},{"column":20,"file":"C:\\Users\\Abir-007\\AppData\\Local\\Temp\\ts-node-dev-hook-10526808315408132.js","function":"require.extensions..jsx.require.extensions..js","line":114,"method":".js","native":false},{"column":20,"file":"C:\\Users\\Abir-007\\AppData\\Local\\Temp\\ts-node-dev-hook-10526808315408132.js","function":"require.extensions.<computed>","line":71,"method":"<computed>","native":false},{"column":13,"file":"C:\\Abir-007\\Office_Projects\\AiFinanceHub\\node_modules\\ts-node-dev\\lib\\hook.js","function":"Object.nodeDevHook [as .ts]","line":63,"method":"ts]","native":false},{"column":32,"file":"node:internal/modules/cjs/loader","function":"Module.load","line":1289,"method":"load","native":false},{"column":12,"file":"node:internal/modules/cjs/loader","function":"Function._load","line":1108,"method":"_load","native":false}]}
{"date":"Thu Mar 20 2025 13:55:19 GMT+0600 (Bangladesh Standard Time)","error":{},"exception":true,"level":"error","message":"uncaughtException: expenseLimitSchema.partial(...).optional(...).strict is not a function\nTypeError: expenseLimitSchema.partial(...).optional(...).strict is not a function\n    at Object.<anonymous> (C:\\Abir-007\\Office_Projects\\AiFinanceHub\\src\\app\\modules\\users\\userExpensePlan\\userExpensePlan.validation.ts:35:57)\n    at Module.<anonymous> (node:internal/modules/cjs/loader:1554:14)\n    at Module._compile (C:\\Abir-007\\Office_Projects\\AiFinanceHub\\node_modules\\source-map-support\\source-map-support.js:568:25)\n    at Module.m._compile (C:\\Users\\Abir-007\\AppData\\Local\\Temp\\ts-node-dev-hook-10526808315408132.js:69:33)\n    at node:internal/modules/cjs/loader:1706:10\n    at require.extensions..jsx.require.extensions..js (C:\\Users\\Abir-007\\AppData\\Local\\Temp\\ts-node-dev-hook-10526808315408132.js:114:20)\n    at require.extensions.<computed> (C:\\Users\\Abir-007\\AppData\\Local\\Temp\\ts-node-dev-hook-10526808315408132.js:71:20)\n    at Object.nodeDevHook [as .ts] (C:\\Abir-007\\Office_Projects\\AiFinanceHub\\node_modules\\ts-node-dev\\lib\\hook.js:63:13)\n    at Module.load (node:internal/modules/cjs/loader:1289:32)\n    at Function._load (node:internal/modules/cjs/loader:1108:12)","os":{"loadavg":[0,0,0],"uptime":93030.875},"process":{"argv":["C:\\Program Files\\nodejs\\node.exe","./src/server.ts"],"cwd":"C:\\Abir-007\\Office_Projects\\AiFinanceHub","execPath":"C:\\Program Files\\nodejs\\node.exe","gid":null,"memoryUsage":{"arrayBuffers":18392392,"external":20746352,"heapTotal":40796160,"heapUsed":29564360,"rss":89444352},"pid":21240,"uid":null,"version":"v22.14.0"},"service":"your-service-name","stack":"TypeError: expenseLimitSchema.partial(...).optional(...).strict is not a function\n    at Object.<anonymous> (C:\\Abir-007\\Office_Projects\\AiFinanceHub\\src\\app\\modules\\users\\userExpensePlan\\userExpensePlan.validation.ts:35:57)\n    at Module.<anonymous> (node:internal/modules/cjs/loader:1554:14)\n    at Module._compile (C:\\Abir-007\\Office_Projects\\AiFinanceHub\\node_modules\\source-map-support\\source-map-support.js:568:25)\n    at Module.m._compile (C:\\Users\\Abir-007\\AppData\\Local\\Temp\\ts-node-dev-hook-10526808315408132.js:69:33)\n    at node:internal/modules/cjs/loader:1706:10\n    at require.extensions..jsx.require.extensions..js (C:\\Users\\Abir-007\\AppData\\Local\\Temp\\ts-node-dev-hook-10526808315408132.js:114:20)\n    at require.extensions.<computed> (C:\\Users\\Abir-007\\AppData\\Local\\Temp\\ts-node-dev-hook-10526808315408132.js:71:20)\n    at Object.nodeDevHook [as .ts] (C:\\Abir-007\\Office_Projects\\AiFinanceHub\\node_modules\\ts-node-dev\\lib\\hook.js:63:13)\n    at Module.load (node:internal/modules/cjs/loader:1289:32)\n    at Function._load (node:internal/modules/cjs/loader:1108:12)","timestamp":"2025-03-20 13:55:19","trace":[{"column":57,"file":"C:\\Abir-007\\Office_Projects\\AiFinanceHub\\src\\app\\modules\\users\\userExpensePlan\\userExpensePlan.validation.ts","function":null,"line":35,"method":null,"native":false},{"column":14,"file":"node:internal/modules/cjs/loader","function":null,"line":1554,"method":null,"native":false},{"column":25,"file":"C:\\Abir-007\\Office_Projects\\AiFinanceHub\\node_modules\\source-map-support\\source-map-support.js","function":"Module._compile","line":568,"method":"_compile","native":false},{"column":33,"file":"C:\\Users\\Abir-007\\AppData\\Local\\Temp\\ts-node-dev-hook-10526808315408132.js","function":"Module.m._compile","line":69,"method":"_compile","native":false},{"column":10,"file":"node:internal/modules/cjs/loader","function":null,"line":1706,"method":null,"native":false},{"column":20,"file":"C:\\Users\\Abir-007\\AppData\\Local\\Temp\\ts-node-dev-hook-10526808315408132.js","function":"require.extensions..jsx.require.extensions..js","line":114,"method":".js","native":false},{"column":20,"file":"C:\\Users\\Abir-007\\AppData\\Local\\Temp\\ts-node-dev-hook-10526808315408132.js","function":"require.extensions.<computed>","line":71,"method":"<computed>","native":false},{"column":13,"file":"C:\\Abir-007\\Office_Projects\\AiFinanceHub\\node_modules\\ts-node-dev\\lib\\hook.js","function":"Object.nodeDevHook [as .ts]","line":63,"method":"ts]","native":false},{"column":32,"file":"node:internal/modules/cjs/loader","function":"Module.load","line":1289,"method":"load","native":false},{"column":12,"file":"node:internal/modules/cjs/loader","function":"Function._load","line":1108,"method":"_load","native":false}]}
{"date":"Thu Mar 20 2025 14:00:45 GMT+0600 (Bangladesh Standard Time)","error":{},"exception":true,"level":"error","message":"uncaughtException: ⨯ Unable to compile TypeScript:\nsrc/app/modules/users/userExpensePlan/userExpensePlan.validation.ts(32,9): error TS1136: Property assignment expected.\r\nsrc/app/modules/users/userExpensePlan/userExpensePlan.validation.ts(36,5): error TS1005: ',' expected.\r\nsrc/app/modules/users/userExpensePlan/userExpensePlan.validation.ts(37,3): error TS1128: Declaration or statement expected.\r\nsrc/app/modules/users/userExpensePlan/userExpensePlan.validation.ts(37,4): error TS1128: Declaration or statement expected.\r\nsrc/app/modules/users/userExpensePlan/userExpensePlan.validation.ts(38,3): error TS1128: Declaration or statement expected.\r\n\nError: ⨯ Unable to compile TypeScript:\nsrc/app/modules/users/userExpensePlan/userExpensePlan.validation.ts(32,9): error TS1136: Property assignment expected.\r\nsrc/app/modules/users/userExpensePlan/userExpensePlan.validation.ts(36,5): error TS1005: ',' expected.\r\nsrc/app/modules/users/userExpensePlan/userExpensePlan.validation.ts(37,3): error TS1128: Declaration or statement expected.\r\nsrc/app/modules/users/userExpensePlan/userExpensePlan.validation.ts(37,4): error TS1128: Declaration or statement expected.\r\nsrc/app/modules/users/userExpensePlan/userExpensePlan.validation.ts(38,3): error TS1128: Declaration or statement expected.\r\n\n    at Object.<anonymous> (C:\\Abir-007\\Office_Projects\\AiFinanceHub\\src\\app\\modules\\users\\userExpensePlan\\userExpensePlan.validation.ts:1:7)\n    at Module.<anonymous> (node:internal/modules/cjs/loader:1554:14)\n    at Module._compile (C:\\Abir-007\\Office_Projects\\AiFinanceHub\\node_modules\\source-map-support\\source-map-support.js:568:25)\n    at Module.m._compile (C:\\Users\\Abir-007\\AppData\\Local\\Temp\\ts-node-dev-hook-10526808315408132.js:69:33)\n    at node:internal/modules/cjs/loader:1706:10\n    at require.extensions..jsx.require.extensions..js (C:\\Users\\Abir-007\\AppData\\Local\\Temp\\ts-node-dev-hook-10526808315408132.js:114:20)\n    at require.extensions.<computed> (C:\\Users\\Abir-007\\AppData\\Local\\Temp\\ts-node-dev-hook-10526808315408132.js:71:20)\n    at Object.nodeDevHook [as .ts] (C:\\Abir-007\\Office_Projects\\AiFinanceHub\\node_modules\\ts-node-dev\\lib\\hook.js:63:13)\n    at Module.load (node:internal/modules/cjs/loader:1289:32)\n    at Function._load (node:internal/modules/cjs/loader:1108:12)","os":{"loadavg":[0,0,0],"uptime":93356.953},"process":{"argv":["C:\\Program Files\\nodejs\\node.exe","./src/server.ts"],"cwd":"C:\\Abir-007\\Office_Projects\\AiFinanceHub","execPath":"C:\\Program Files\\nodejs\\node.exe","gid":null,"memoryUsage":{"arrayBuffers":18392957,"external":20746352,"heapTotal":40796160,"heapUsed":29638248,"rss":89423872},"pid":2232,"uid":null,"version":"v22.14.0"},"service":"your-service-name","stack":"Error: ⨯ Unable to compile TypeScript:\nsrc/app/modules/users/userExpensePlan/userExpensePlan.validation.ts(32,9): error TS1136: Property assignment expected.\r\nsrc/app/modules/users/userExpensePlan/userExpensePlan.validation.ts(36,5): error TS1005: ',' expected.\r\nsrc/app/modules/users/userExpensePlan/userExpensePlan.validation.ts(37,3): error TS1128: Declaration or statement expected.\r\nsrc/app/modules/users/userExpensePlan/userExpensePlan.validation.ts(37,4): error TS1128: Declaration or statement expected.\r\nsrc/app/modules/users/userExpensePlan/userExpensePlan.validation.ts(38,3): error TS1128: Declaration or statement expected.\r\n\n    at Object.<anonymous> (C:\\Abir-007\\Office_Projects\\AiFinanceHub\\src\\app\\modules\\users\\userExpensePlan\\userExpensePlan.validation.ts:1:7)\n    at Module.<anonymous> (node:internal/modules/cjs/loader:1554:14)\n    at Module._compile (C:\\Abir-007\\Office_Projects\\AiFinanceHub\\node_modules\\source-map-support\\source-map-support.js:568:25)\n    at Module.m._compile (C:\\Users\\Abir-007\\AppData\\Local\\Temp\\ts-node-dev-hook-10526808315408132.js:69:33)\n    at node:internal/modules/cjs/loader:1706:10\n    at require.extensions..jsx.require.extensions..js (C:\\Users\\Abir-007\\AppData\\Local\\Temp\\ts-node-dev-hook-10526808315408132.js:114:20)\n    at require.extensions.<computed> (C:\\Users\\Abir-007\\AppData\\Local\\Temp\\ts-node-dev-hook-10526808315408132.js:71:20)\n    at Object.nodeDevHook [as .ts] (C:\\Abir-007\\Office_Projects\\AiFinanceHub\\node_modules\\ts-node-dev\\lib\\hook.js:63:13)\n    at Module.load (node:internal/modules/cjs/loader:1289:32)\n    at Function._load (node:internal/modules/cjs/loader:1108:12)","timestamp":"2025-03-20 14:00:45","trace":[{"column":7,"file":"C:\\Abir-007\\Office_Projects\\AiFinanceHub\\src\\app\\modules\\users\\userExpensePlan\\userExpensePlan.validation.ts","function":null,"line":1,"method":null,"native":false},{"column":14,"file":"node:internal/modules/cjs/loader","function":null,"line":1554,"method":null,"native":false},{"column":25,"file":"C:\\Abir-007\\Office_Projects\\AiFinanceHub\\node_modules\\source-map-support\\source-map-support.js","function":"Module._compile","line":568,"method":"_compile","native":false},{"column":33,"file":"C:\\Users\\Abir-007\\AppData\\Local\\Temp\\ts-node-dev-hook-10526808315408132.js","function":"Module.m._compile","line":69,"method":"_compile","native":false},{"column":10,"file":"node:internal/modules/cjs/loader","function":null,"line":1706,"method":null,"native":false},{"column":20,"file":"C:\\Users\\Abir-007\\AppData\\Local\\Temp\\ts-node-dev-hook-10526808315408132.js","function":"require.extensions..jsx.require.extensions..js","line":114,"method":".js","native":false},{"column":20,"file":"C:\\Users\\Abir-007\\AppData\\Local\\Temp\\ts-node-dev-hook-10526808315408132.js","function":"require.extensions.<computed>","line":71,"method":"<computed>","native":false},{"column":13,"file":"C:\\Abir-007\\Office_Projects\\AiFinanceHub\\node_modules\\ts-node-dev\\lib\\hook.js","function":"Object.nodeDevHook [as .ts]","line":63,"method":"ts]","native":false},{"column":32,"file":"node:internal/modules/cjs/loader","function":"Module.load","line":1289,"method":"load","native":false},{"column":12,"file":"node:internal/modules/cjs/loader","function":"Function._load","line":1108,"method":"_load","native":false}]}
